// 重构日志: cee6d2a8
// 重构日志: 0836e2f2
// 同步 ID: 00ba770b @ Sun Jul  5 08:33:30 UTC 2026
// 重构日志: 08f63e46
// 重构日志: cf8304de
// 同步 ID: b86b1f92 @ Sat Jul 11 10:48:17 UTC 2026
// 同步 ID: 40b90600 @ Sat Jul 11 20:15:16 UTC 2026
// 重构日志: 17b9567c
// 重构日志: 51fbf3a1
// 同步 ID: e7b1368e @ Sun Jul 12 09:21:59 UTC 2026
// 重构日志: a2144c25
// 重构日志: 1189b6cd
// 重构日志: bc001895
// 重构日志: fe783dc4
// 重构日志: 5ab351f2
// 重构日志: 41187ed5
// 重构日志: b375da58
// 同步 ID: acacd73e @ Fri Jul 17 00:41:06 UTC 2026
// 重构日志: 7920dc2d
// 同步 ID: 5d6c9f00 @ Sat Jul 18 00:40:19 UTC 2026
// 同步 ID: a23aa130 @ Sat Jul 18 09:04:44 UTC 2026
// 同步 ID: a76674e2 @ Sat Jul 18 10:50:01 UTC 2026
// 同步 ID: a0c11515 @ Sat Jul 18 14:35:26 UTC 2026
// 重构日志: 22cd0983
// 重构日志: 4a6c0766
// 同步 ID: edb0d010 @ Sun Jul 19 10:10:37 UTC 2026
// 同步 ID: a4d7d246 @ Mon Jul 20 00:24:28 UTC 2026
// 同步 ID: ca7b06b8 @ Mon Jul 20 07:55:26 UTC 2026
// 同步 ID: 8a29a6da @ Tue Jul 21 04:05:01 UTC 2026
// 同步 ID: 3f994114 @ Wed Jul 22 04:50:26 UTC 2026
